<?xml version="1.0" encoding="UTF-8"?>
<testsuite xmlns:xsi="http://www.w3.org/2001/XMLSchema-instance" xsi:noNamespaceSchemaLocation="https://maven.apache.org/surefire/maven-surefire-plugin/xsd/surefire-test-report.xsd" name="com.practical.PROJECT.ProjectApplicationTests" time="6.27" tests="1" errors="0" skipped="0" failures="0">
  <properties>
    <property name="java.specification.version" value="17"/>
    <property name="sun.cpu.isalist" value="amd64"/>
    <property name="sun.jnu.encoding" value="Cp1252"/>
    <property name="java.class.path" value="C:\Users\KEN22966\Desktop\PROJECT\target\test-classes;C:\Users\KEN22966\Desktop\PROJECT\target\classes;C:\Users\KEN22966\.m2\repository\org\springframework\boot\spring-boot-starter-data-jpa\2.5.3\spring-boot-starter-data-jpa-2.5.3.jar;C:\Users\KEN22966\.m2\repository\org\springframework\boot\spring-boot-starter-aop\2.5.3\spring-boot-starter-aop-2.5.3.jar;C:\Users\KEN22966\.m2\repository\org\aspectj\aspectjweaver\1.9.7\aspectjweaver-1.9.7.jar;C:\Users\KEN22966\.m2\repository\org\springframework\boot\spring-boot-starter-jdbc\2.5.3\spring-boot-starter-jdbc-2.5.3.jar;C:\Users\KEN22966\.m2\repository\com\zaxxer\HikariCP\4.0.3\HikariCP-4.0.3.jar;C:\Users\KEN22966\.m2\repository\org\springframework\spring-jdbc\5.3.9\spring-jdbc-5.3.9.jar;C:\Users\KEN22966\.m2\repository\jakarta\transaction\jakarta.transaction-api\1.3.3\jakarta.transaction-api-1.3.3.jar;C:\Users\KEN22966\.m2\repository\jakarta\persistence\jakarta.persistence-api\2.2.3\jakarta.persistence-api-2.2.3.jar;C:\Users\KEN22966\.m2\repository\org\hibernate\hibernate-core\5.4.32.Final\hibernate-core-5.4.32.Final.jar;C:\Users\KEN22966\.m2\repository\org\jboss\logging\jboss-logging\3.4.2.Final\jboss-logging-3.4.2.Final.jar;C:\Users\KEN22966\.m2\repository\org\javassist\javassist\3.27.0-GA\javassist-3.27.0-GA.jar;C:\Users\KEN22966\.m2\repository\net\bytebuddy\byte-buddy\1.10.22\byte-buddy-1.10.22.jar;C:\Users\KEN22966\.m2\repository\antlr\antlr\2.7.7\antlr-2.7.7.jar;C:\Users\KEN22966\.m2\repository\org\jboss\jandex\2.2.3.Final\jandex-2.2.3.Final.jar;C:\Users\KEN22966\.m2\repository\com\fasterxml\classmate\1.5.1\classmate-1.5.1.jar;C:\Users\KEN22966\.m2\repository\org\dom4j\dom4j\2.1.3\dom4j-2.1.3.jar;C:\Users\KEN22966\.m2\repository\org\hibernate\common\hibernate-commons-annotations\5.1.2.Final\hibernate-commons-annotations-5.1.2.Final.jar;C:\Users\KEN22966\.m2\repository\org\glassfish\jaxb\jaxb-runtime\2.3.4\jaxb-runtime-2.3.4.jar;C:\Users\KEN22966\.m2\repository\org\glassfish\jaxb\txw2\2.3.4\txw2-2.3.4.jar;C:\Users\KEN22966\.m2\repository\com\sun\istack\istack-commons-runtime\3.0.12\istack-commons-runtime-3.0.12.jar;C:\Users\KEN22966\.m2\repository\com\sun\activation\jakarta.activation\1.2.2\jakarta.activation-1.2.2.jar;C:\Users\KEN22966\.m2\repository\org\springframework\data\spring-data-jpa\2.5.3\spring-data-jpa-2.5.3.jar;C:\Users\KEN22966\.m2\repository\org\springframework\data\spring-data-commons\2.5.3\spring-data-commons-2.5.3.jar;C:\Users\KEN22966\.m2\repository\org\springframework\spring-orm\5.3.9\spring-orm-5.3.9.jar;C:\Users\KEN22966\.m2\repository\org\springframework\spring-tx\5.3.9\spring-tx-5.3.9.jar;C:\Users\KEN22966\.m2\repository\org\slf4j\slf4j-api\1.7.32\slf4j-api-1.7.32.jar;C:\Users\KEN22966\.m2\repository\org\springframework\spring-aspects\5.3.9\spring-aspects-5.3.9.jar;C:\Users\KEN22966\.m2\repository\javax\servlet\javax.servlet-api\4.0.1\javax.servlet-api-4.0.1.jar;C:\Users\KEN22966\.m2\repository\org\springframework\boot\spring-boot-starter-security\2.5.3\spring-boot-starter-security-2.5.3.jar;C:\Users\KEN22966\.m2\repository\org\springframework\boot\spring-boot-starter\2.5.3\spring-boot-starter-2.5.3.jar;C:\Users\KEN22966\.m2\repository\org\springframework\boot\spring-boot-starter-logging\2.5.3\spring-boot-starter-logging-2.5.3.jar;C:\Users\KEN22966\.m2\repository\ch\qos\logback\logback-classic\1.2.4\logback-classic-1.2.4.jar;C:\Users\KEN22966\.m2\repository\ch\qos\logback\logback-core\1.2.4\logback-core-1.2.4.jar;C:\Users\KEN22966\.m2\repository\org\apache\logging\log4j\log4j-to-slf4j\2.14.1\log4j-to-slf4j-2.14.1.jar;C:\Users\KEN22966\.m2\repository\org\apache\logging\log4j\log4j-api\2.14.1\log4j-api-2.14.1.jar;C:\Users\KEN22966\.m2\repository\org\slf4j\jul-to-slf4j\1.7.32\jul-to-slf4j-1.7.32.jar;C:\Users\KEN22966\.m2\repository\jakarta\annotation\jakarta.annotation-api\1.3.5\jakarta.annotation-api-1.3.5.jar;C:\Users\KEN22966\.m2\repository\org\yaml\snakeyaml\1.28\snakeyaml-1.28.jar;C:\Users\KEN22966\.m2\repository\org\springframework\spring-aop\5.3.9\spring-aop-5.3.9.jar;C:\Users\KEN22966\.m2\repository\org\springframework\security\spring-security-web\5.5.1\spring-security-web-5.5.1.jar;C:\Users\KEN22966\.m2\repository\org\springframework\spring-expression\5.3.9\spring-expression-5.3.9.jar;C:\Users\KEN22966\.m2\repository\org\springframework\boot\spring-boot-starter-web\2.5.3\spring-boot-starter-web-2.5.3.jar;C:\Users\KEN22966\.m2\repository\org\springframework\boot\spring-boot-starter-json\2.5.3\spring-boot-starter-json-2.5.3.jar;C:\Users\KEN22966\.m2\repository\com\fasterxml\jackson\core\jackson-databind\2.12.4\jackson-databind-2.12.4.jar;C:\Users\KEN22966\.m2\repository\com\fasterxml\jackson\core\jackson-annotations\2.12.4\jackson-annotations-2.12.4.jar;C:\Users\KEN22966\.m2\repository\com\fasterxml\jackson\core\jackson-core\2.12.4\jackson-core-2.12.4.jar;C:\Users\KEN22966\.m2\repository\com\fasterxml\jackson\datatype\jackson-datatype-jdk8\2.12.4\jackson-datatype-jdk8-2.12.4.jar;C:\Users\KEN22966\.m2\repository\com\fasterxml\jackson\datatype\jackson-datatype-jsr310\2.12.4\jackson-datatype-jsr310-2.12.4.jar;C:\Users\KEN22966\.m2\repository\com\fasterxml\jackson\module\jackson-module-parameter-names\2.12.4\jackson-module-parameter-names-2.12.4.jar;C:\Users\KEN22966\.m2\repository\org\springframework\boot\spring-boot-starter-tomcat\2.5.3\spring-boot-starter-tomcat-2.5.3.jar;C:\Users\KEN22966\.m2\repository\org\apache\tomcat\embed\tomcat-embed-core\9.0.50\tomcat-embed-core-9.0.50.jar;C:\Users\KEN22966\.m2\repository\org\apache\tomcat\embed\tomcat-embed-el\9.0.50\tomcat-embed-el-9.0.50.jar;C:\Users\KEN22966\.m2\repository\org\apache\tomcat\embed\tomcat-embed-websocket\9.0.50\tomcat-embed-websocket-9.0.50.jar;C:\Users\KEN22966\.m2\repository\org\springframework\spring-web\5.3.9\spring-web-5.3.9.jar;C:\Users\KEN22966\.m2\repository\org\springframework\spring-webmvc\5.3.9\spring-webmvc-5.3.9.jar;C:\Users\KEN22966\.m2\repository\org\springframework\boot\spring-boot-devtools\2.5.3\spring-boot-devtools-2.5.3.jar;C:\Users\KEN22966\.m2\repository\org\springframework\boot\spring-boot\2.5.3\spring-boot-2.5.3.jar;C:\Users\KEN22966\.m2\repository\org\springframework\boot\spring-boot-autoconfigure\2.5.3\spring-boot-autoconfigure-2.5.3.jar;C:\Users\KEN22966\.m2\repository\com\h2database\h2\1.4.200\h2-1.4.200.jar;C:\Users\KEN22966\.m2\repository\org\projectlombok\lombok\1.18.20\lombok-1.18.20.jar;C:\Users\KEN22966\.m2\repository\org\springframework\boot\spring-boot-starter-test\2.5.3\spring-boot-starter-test-2.5.3.jar;C:\Users\KEN22966\.m2\repository\org\springframework\boot\spring-boot-test\2.5.3\spring-boot-test-2.5.3.jar;C:\Users\KEN22966\.m2\repository\org\springframework\boot\spring-boot-test-autoconfigure\2.5.3\spring-boot-test-autoconfigure-2.5.3.jar;C:\Users\KEN22966\.m2\repository\com\jayway\jsonpath\json-path\2.5.0\json-path-2.5.0.jar;C:\Users\KEN22966\.m2\repository\net\minidev\json-smart\2.4.7\json-smart-2.4.7.jar;C:\Users\KEN22966\.m2\repository\net\minidev\accessors-smart\2.4.7\accessors-smart-2.4.7.jar;C:\Users\KEN22966\.m2\repository\org\ow2\asm\asm\9.1\asm-9.1.jar;C:\Users\KEN22966\.m2\repository\jakarta\xml\bind\jakarta.xml.bind-api\2.3.3\jakarta.xml.bind-api-2.3.3.jar;C:\Users\KEN22966\.m2\repository\jakarta\activation\jakarta.activation-api\1.2.2\jakarta.activation-api-1.2.2.jar;C:\Users\KEN22966\.m2\repository\org\assertj\assertj-core\3.19.0\assertj-core-3.19.0.jar;C:\Users\KEN22966\.m2\repository\org\hamcrest\hamcrest\2.2\hamcrest-2.2.jar;C:\Users\KEN22966\.m2\repository\org\junit\jupiter\junit-jupiter\5.7.2\junit-jupiter-5.7.2.jar;C:\Users\KEN22966\.m2\repository\org\junit\jupiter\junit-jupiter-api\5.7.2\junit-jupiter-api-5.7.2.jar;C:\Users\KEN22966\.m2\repository\org\apiguardian\apiguardian-api\1.1.0\apiguardian-api-1.1.0.jar;C:\Users\KEN22966\.m2\repository\org\opentest4j\opentest4j\1.2.0\opentest4j-1.2.0.jar;C:\Users\KEN22966\.m2\repository\org\junit\platform\junit-platform-commons\1.7.2\junit-platform-commons-1.7.2.jar;C:\Users\KEN22966\.m2\repository\org\junit\jupiter\junit-jupiter-params\5.7.2\junit-jupiter-params-5.7.2.jar;C:\Users\KEN22966\.m2\repository\org\junit\jupiter\junit-jupiter-engine\5.7.2\junit-jupiter-engine-5.7.2.jar;C:\Users\KEN22966\.m2\repository\org\junit\platform\junit-platform-engine\1.7.2\junit-platform-engine-1.7.2.jar;C:\Users\KEN22966\.m2\repository\org\mockito\mockito-core\3.9.0\mockito-core-3.9.0.jar;C:\Users\KEN22966\.m2\repository\net\bytebuddy\byte-buddy-agent\1.10.22\byte-buddy-agent-1.10.22.jar;C:\Users\KEN22966\.m2\repository\org\objenesis\objenesis\3.2\objenesis-3.2.jar;C:\Users\KEN22966\.m2\repository\org\mockito\mockito-junit-jupiter\3.9.0\mockito-junit-jupiter-3.9.0.jar;C:\Users\KEN22966\.m2\repository\org\skyscreamer\jsonassert\1.5.0\jsonassert-1.5.0.jar;C:\Users\KEN22966\.m2\repository\com\vaadin\external\google\android-json\0.0.20131108.vaadin1\android-json-0.0.20131108.vaadin1.jar;C:\Users\KEN22966\.m2\repository\org\springframework\spring-core\5.3.9\spring-core-5.3.9.jar;C:\Users\KEN22966\.m2\repository\org\springframework\spring-jcl\5.3.9\spring-jcl-5.3.9.jar;C:\Users\KEN22966\.m2\repository\org\springframework\spring-test\5.3.9\spring-test-5.3.9.jar;C:\Users\KEN22966\.m2\repository\org\xmlunit\xmlunit-core\2.8.2\xmlunit-core-2.8.2.jar;C:\Users\KEN22966\.m2\repository\org\springframework\security\spring-security-test\5.5.1\spring-security-test-5.5.1.jar;C:\Users\KEN22966\.m2\repository\org\springframework\security\spring-security-core\5.5.1\spring-security-core-5.5.1.jar;C:\Users\KEN22966\.m2\repository\org\springframework\security\spring-security-crypto\5.5.1\spring-security-crypto-5.5.1.jar;C:\Users\KEN22966\.m2\repository\org\springframework\security\spring-security-config\5.4.5\spring-security-config-5.4.5.jar;C:\Users\KEN22966\.m2\repository\org\springframework\spring-beans\5.3.9\spring-beans-5.3.9.jar;C:\Users\KEN22966\.m2\repository\org\springframework\spring-context\5.3.9\spring-context-5.3.9.jar;C:\Users\KEN22966\.m2\repository\io\swagger\swagger-annotations\1.5.13\swagger-annotations-1.5.13.jar;"/>
    <property name="java.vm.vendor" value="Eclipse Adoptium"/>
    <property name="sun.arch.data.model" value="64"/>
    <property name="user.variant" value=""/>
    <property name="java.vendor.url" value="https://adoptium.net/"/>
    <property name="user.timezone" value="Africa/Nairobi"/>
    <property name="os.name" value="Windows 11"/>
    <property name="java.vm.specification.version" value="17"/>
    <property name="sun.java.launcher" value="SUN_STANDARD"/>
    <property name="user.country" value="US"/>
    <property name="sun.boot.library.path" value="C:\Program Files\Eclipse Adoptium\jdk-17.0.6.10-hotspot\bin"/>
    <property name="sun.java.command" value="C:\Users\KEN22966\AppData\Local\Temp\surefire10312958882222118952\surefirebooter8128427322296593857.jar C:\Users\KEN22966\AppData\Local\Temp\surefire10312958882222118952 2023-07-10T21-01-57_093-jvmRun1 surefire15960369774516453466tmp surefire_06487831264615885185tmp"/>
    <property name="jdk.debug" value="release"/>
    <property name="surefire.test.class.path" value="C:\Users\KEN22966\Desktop\PROJECT\target\test-classes;C:\Users\KEN22966\Desktop\PROJECT\target\classes;C:\Users\KEN22966\.m2\repository\org\springframework\boot\spring-boot-starter-data-jpa\2.5.3\spring-boot-starter-data-jpa-2.5.3.jar;C:\Users\KEN22966\.m2\repository\org\springframework\boot\spring-boot-starter-aop\2.5.3\spring-boot-starter-aop-2.5.3.jar;C:\Users\KEN22966\.m2\repository\org\aspectj\aspectjweaver\1.9.7\aspectjweaver-1.9.7.jar;C:\Users\KEN22966\.m2\repository\org\springframework\boot\spring-boot-starter-jdbc\2.5.3\spring-boot-starter-jdbc-2.5.3.jar;C:\Users\KEN22966\.m2\repository\com\zaxxer\HikariCP\4.0.3\HikariCP-4.0.3.jar;C:\Users\KEN22966\.m2\repository\org\springframework\spring-jdbc\5.3.9\spring-jdbc-5.3.9.jar;C:\Users\KEN22966\.m2\repository\jakarta\transaction\jakarta.transaction-api\1.3.3\jakarta.transaction-api-1.3.3.jar;C:\Users\KEN22966\.m2\repository\jakarta\persistence\jakarta.persistence-api\2.2.3\jakarta.persistence-api-2.2.3.jar;C:\Users\KEN22966\.m2\repository\org\hibernate\hibernate-core\5.4.32.Final\hibernate-core-5.4.32.Final.jar;C:\Users\KEN22966\.m2\repository\org\jboss\logging\jboss-logging\3.4.2.Final\jboss-logging-3.4.2.Final.jar;C:\Users\KEN22966\.m2\repository\org\javassist\javassist\3.27.0-GA\javassist-3.27.0-GA.jar;C:\Users\KEN22966\.m2\repository\net\bytebuddy\byte-buddy\1.10.22\byte-buddy-1.10.22.jar;C:\Users\KEN22966\.m2\repository\antlr\antlr\2.7.7\antlr-2.7.7.jar;C:\Users\KEN22966\.m2\repository\org\jboss\jandex\2.2.3.Final\jandex-2.2.3.Final.jar;C:\Users\KEN22966\.m2\repository\com\fasterxml\classmate\1.5.1\classmate-1.5.1.jar;C:\Users\KEN22966\.m2\repository\org\dom4j\dom4j\2.1.3\dom4j-2.1.3.jar;C:\Users\KEN22966\.m2\repository\org\hibernate\common\hibernate-commons-annotations\5.1.2.Final\hibernate-commons-annotations-5.1.2.Final.jar;C:\Users\KEN22966\.m2\repository\org\glassfish\jaxb\jaxb-runtime\2.3.4\jaxb-runtime-2.3.4.jar;C:\Users\KEN22966\.m2\repository\org\glassfish\jaxb\txw2\2.3.4\txw2-2.3.4.jar;C:\Users\KEN22966\.m2\repository\com\sun\istack\istack-commons-runtime\3.0.12\istack-commons-runtime-3.0.12.jar;C:\Users\KEN22966\.m2\repository\com\sun\activation\jakarta.activation\1.2.2\jakarta.activation-1.2.2.jar;C:\Users\KEN22966\.m2\repository\org\springframework\data\spring-data-jpa\2.5.3\spring-data-jpa-2.5.3.jar;C:\Users\KEN22966\.m2\repository\org\springframework\data\spring-data-commons\2.5.3\spring-data-commons-2.5.3.jar;C:\Users\KEN22966\.m2\repository\org\springframework\spring-orm\5.3.9\spring-orm-5.3.9.jar;C:\Users\KEN22966\.m2\repository\org\springframework\spring-tx\5.3.9\spring-tx-5.3.9.jar;C:\Users\KEN22966\.m2\repository\org\slf4j\slf4j-api\1.7.32\slf4j-api-1.7.32.jar;C:\Users\KEN22966\.m2\repository\org\springframework\spring-aspects\5.3.9\spring-aspects-5.3.9.jar;C:\Users\KEN22966\.m2\repository\javax\servlet\javax.servlet-api\4.0.1\javax.servlet-api-4.0.1.jar;C:\Users\KEN22966\.m2\repository\org\springframework\boot\spring-boot-starter-security\2.5.3\spring-boot-starter-security-2.5.3.jar;C:\Users\KEN22966\.m2\repository\org\springframework\boot\spring-boot-starter\2.5.3\spring-boot-starter-2.5.3.jar;C:\Users\KEN22966\.m2\repository\org\springframework\boot\spring-boot-starter-logging\2.5.3\spring-boot-starter-logging-2.5.3.jar;C:\Users\KEN22966\.m2\repository\ch\qos\logback\logback-classic\1.2.4\logback-classic-1.2.4.jar;C:\Users\KEN22966\.m2\repository\ch\qos\logback\logback-core\1.2.4\logback-core-1.2.4.jar;C:\Users\KEN22966\.m2\repository\org\apache\logging\log4j\log4j-to-slf4j\2.14.1\log4j-to-slf4j-2.14.1.jar;C:\Users\KEN22966\.m2\repository\org\apache\logging\log4j\log4j-api\2.14.1\log4j-api-2.14.1.jar;C:\Users\KEN22966\.m2\repository\org\slf4j\jul-to-slf4j\1.7.32\jul-to-slf4j-1.7.32.jar;C:\Users\KEN22966\.m2\repository\jakarta\annotation\jakarta.annotation-api\1.3.5\jakarta.annotation-api-1.3.5.jar;C:\Users\KEN22966\.m2\repository\org\yaml\snakeyaml\1.28\snakeyaml-1.28.jar;C:\Users\KEN22966\.m2\repository\org\springframework\spring-aop\5.3.9\spring-aop-5.3.9.jar;C:\Users\KEN22966\.m2\repository\org\springframework\security\spring-security-web\5.5.1\spring-security-web-5.5.1.jar;C:\Users\KEN22966\.m2\repository\org\springframework\spring-expression\5.3.9\spring-expression-5.3.9.jar;C:\Users\KEN22966\.m2\repository\org\springframework\boot\spring-boot-starter-web\2.5.3\spring-boot-starter-web-2.5.3.jar;C:\Users\KEN22966\.m2\repository\org\springframework\boot\spring-boot-starter-json\2.5.3\spring-boot-starter-json-2.5.3.jar;C:\Users\KEN22966\.m2\repository\com\fasterxml\jackson\core\jackson-databind\2.12.4\jackson-databind-2.12.4.jar;C:\Users\KEN22966\.m2\repository\com\fasterxml\jackson\core\jackson-annotations\2.12.4\jackson-annotations-2.12.4.jar;C:\Users\KEN22966\.m2\repository\com\fasterxml\jackson\core\jackson-core\2.12.4\jackson-core-2.12.4.jar;C:\Users\KEN22966\.m2\repository\com\fasterxml\jackson\datatype\jackson-datatype-jdk8\2.12.4\jackson-datatype-jdk8-2.12.4.jar;C:\Users\KEN22966\.m2\repository\com\fasterxml\jackson\datatype\jackson-datatype-jsr310\2.12.4\jackson-datatype-jsr310-2.12.4.jar;C:\Users\KEN22966\.m2\repository\com\fasterxml\jackson\module\jackson-module-parameter-names\2.12.4\jackson-module-parameter-names-2.12.4.jar;C:\Users\KEN22966\.m2\repository\org\springframework\boot\spring-boot-starter-tomcat\2.5.3\spring-boot-starter-tomcat-2.5.3.jar;C:\Users\KEN22966\.m2\repository\org\apache\tomcat\embed\tomcat-embed-core\9.0.50\tomcat-embed-core-9.0.50.jar;C:\Users\KEN22966\.m2\repository\org\apache\tomcat\embed\tomcat-embed-el\9.0.50\tomcat-embed-el-9.0.50.jar;C:\Users\KEN22966\.m2\repository\org\apache\tomcat\embed\tomcat-embed-websocket\9.0.50\tomcat-embed-websocket-9.0.50.jar;C:\Users\KEN22966\.m2\repository\org\springframework\spring-web\5.3.9\spring-web-5.3.9.jar;C:\Users\KEN22966\.m2\repository\org\springframework\spring-webmvc\5.3.9\spring-webmvc-5.3.9.jar;C:\Users\KEN22966\.m2\repository\org\springframework\boot\spring-boot-devtools\2.5.3\spring-boot-devtools-2.5.3.jar;C:\Users\KEN22966\.m2\repository\org\springframework\boot\spring-boot\2.5.3\spring-boot-2.5.3.jar;C:\Users\KEN22966\.m2\repository\org\springframework\boot\spring-boot-autoconfigure\2.5.3\spring-boot-autoconfigure-2.5.3.jar;C:\Users\KEN22966\.m2\repository\com\h2database\h2\1.4.200\h2-1.4.200.jar;C:\Users\KEN22966\.m2\repository\org\projectlombok\lombok\1.18.20\lombok-1.18.20.jar;C:\Users\KEN22966\.m2\repository\org\springframework\boot\spring-boot-starter-test\2.5.3\spring-boot-starter-test-2.5.3.jar;C:\Users\KEN22966\.m2\repository\org\springframework\boot\spring-boot-test\2.5.3\spring-boot-test-2.5.3.jar;C:\Users\KEN22966\.m2\repository\org\springframework\boot\spring-boot-test-autoconfigure\2.5.3\spring-boot-test-autoconfigure-2.5.3.jar;C:\Users\KEN22966\.m2\repository\com\jayway\jsonpath\json-path\2.5.0\json-path-2.5.0.jar;C:\Users\KEN22966\.m2\repository\net\minidev\json-smart\2.4.7\json-smart-2.4.7.jar;C:\Users\KEN22966\.m2\repository\net\minidev\accessors-smart\2.4.7\accessors-smart-2.4.7.jar;C:\Users\KEN22966\.m2\repository\org\ow2\asm\asm\9.1\asm-9.1.jar;C:\Users\KEN22966\.m2\repository\jakarta\xml\bind\jakarta.xml.bind-api\2.3.3\jakarta.xml.bind-api-2.3.3.jar;C:\Users\KEN22966\.m2\repository\jakarta\activation\jakarta.activation-api\1.2.2\jakarta.activation-api-1.2.2.jar;C:\Users\KEN22966\.m2\repository\org\assertj\assertj-core\3.19.0\assertj-core-3.19.0.jar;C:\Users\KEN22966\.m2\repository\org\hamcrest\hamcrest\2.2\hamcrest-2.2.jar;C:\Users\KEN22966\.m2\repository\org\junit\jupiter\junit-jupiter\5.7.2\junit-jupiter-5.7.2.jar;C:\Users\KEN22966\.m2\repository\org\junit\jupiter\junit-jupiter-api\5.7.2\junit-jupiter-api-5.7.2.jar;C:\Users\KEN22966\.m2\repository\org\apiguardian\apiguardian-api\1.1.0\apiguardian-api-1.1.0.jar;C:\Users\KEN22966\.m2\repository\org\opentest4j\opentest4j\1.2.0\opentest4j-1.2.0.jar;C:\Users\KEN22966\.m2\repository\org\junit\platform\junit-platform-commons\1.7.2\junit-platform-commons-1.7.2.jar;C:\Users\KEN22966\.m2\repository\org\junit\jupiter\junit-jupiter-params\5.7.2\junit-jupiter-params-5.7.2.jar;C:\Users\KEN22966\.m2\repository\org\junit\jupiter\junit-jupiter-engine\5.7.2\junit-jupiter-engine-5.7.2.jar;C:\Users\KEN22966\.m2\repository\org\junit\platform\junit-platform-engine\1.7.2\junit-platform-engine-1.7.2.jar;C:\Users\KEN22966\.m2\repository\org\mockito\mockito-core\3.9.0\mockito-core-3.9.0.jar;C:\Users\KEN22966\.m2\repository\net\bytebuddy\byte-buddy-agent\1.10.22\byte-buddy-agent-1.10.22.jar;C:\Users\KEN22966\.m2\repository\org\objenesis\objenesis\3.2\objenesis-3.2.jar;C:\Users\KEN22966\.m2\repository\org\mockito\mockito-junit-jupiter\3.9.0\mockito-junit-jupiter-3.9.0.jar;C:\Users\KEN22966\.m2\repository\org\skyscreamer\jsonassert\1.5.0\jsonassert-1.5.0.jar;C:\Users\KEN22966\.m2\repository\com\vaadin\external\google\android-json\0.0.20131108.vaadin1\android-json-0.0.20131108.vaadin1.jar;C:\Users\KEN22966\.m2\repository\org\springframework\spring-core\5.3.9\spring-core-5.3.9.jar;C:\Users\KEN22966\.m2\repository\org\springframework\spring-jcl\5.3.9\spring-jcl-5.3.9.jar;C:\Users\KEN22966\.m2\repository\org\springframework\spring-test\5.3.9\spring-test-5.3.9.jar;C:\Users\KEN22966\.m2\repository\org\xmlunit\xmlunit-core\2.8.2\xmlunit-core-2.8.2.jar;C:\Users\KEN22966\.m2\repository\org\springframework\security\spring-security-test\5.5.1\spring-security-test-5.5.1.jar;C:\Users\KEN22966\.m2\repository\org\springframework\security\spring-security-core\5.5.1\spring-security-core-5.5.1.jar;C:\Users\KEN22966\.m2\repository\org\springframework\security\spring-security-crypto\5.5.1\spring-security-crypto-5.5.1.jar;C:\Users\KEN22966\.m2\repository\org\springframework\security\spring-security-config\5.4.5\spring-security-config-5.4.5.jar;C:\Users\KEN22966\.m2\repository\org\springframework\spring-beans\5.3.9\spring-beans-5.3.9.jar;C:\Users\KEN22966\.m2\repository\org\springframework\spring-context\5.3.9\spring-context-5.3.9.jar;C:\Users\KEN22966\.m2\repository\io\swagger\swagger-annotations\1.5.13\swagger-annotations-1.5.13.jar;"/>
    <property name="sun.cpu.endian" value="little"/>
    <property name="user.home" value="C:\Users\KEN22966"/>
    <property name="user.language" value="en"/>
    <property name="java.specification.vendor" value="Oracle Corporation"/>
    <property name="java.version.date" value="2023-01-17"/>
    <property name="java.home" value="C:\Program Files\Eclipse Adoptium\jdk-17.0.6.10-hotspot"/>
    <property name="file.separator" value="\"/>
    <property name="basedir" value="C:\Users\KEN22966\Desktop\PROJECT"/>
    <property name="java.vm.compressedOopsMode" value="Zero based"/>
    <property name="line.separator" value="&#10;"/>
    <property name="java.vm.specification.vendor" value="Oracle Corporation"/>
    <property name="java.specification.name" value="Java Platform API Specification"/>
    <property name="surefire.real.class.path" value="C:\Users\KEN22966\AppData\Local\Temp\surefire10312958882222118952\surefirebooter8128427322296593857.jar"/>
    <property name="user.script" value=""/>
    <property name="sun.management.compiler" value="HotSpot 64-Bit Tiered Compilers"/>
    <property name="java.runtime.version" value="17.0.6+10"/>
    <property name="user.name" value="KEN22966"/>
    <property name="path.separator" value=";"/>
    <property name="os.version" value="10.0"/>
    <property name="java.runtime.name" value="OpenJDK Runtime Environment"/>
    <property name="file.encoding" value="Cp1252"/>
    <property name="java.vm.name" value="OpenJDK 64-Bit Server VM"/>
    <property name="java.vendor.version" value="Temurin-17.0.6+10"/>
    <property name="localRepository" value="C:\Users\KEN22966\.m2\repository"/>
    <property name="java.vendor.url.bug" value="https://github.com/adoptium/adoptium-support/issues"/>
    <property name="java.io.tmpdir" value="C:\Users\KEN22966\AppData\Local\Temp\"/>
    <property name="idea.version" value="2023.1.2"/>
    <property name="java.version" value="17.0.6"/>
    <property name="user.dir" value="C:\Users\KEN22966\Desktop\PROJECT"/>
    <property name="os.arch" value="amd64"/>
    <property name="java.vm.specification.name" value="Java Virtual Machine Specification"/>
    <property name="sun.os.patch.level" value=""/>
    <property name="native.encoding" value="Cp1252"/>
    <property name="java.library.path" value="C:\Program Files\Eclipse Adoptium\jdk-17.0.6.10-hotspot\bin;C:\WINDOWS\Sun\Java\bin;C:\WINDOWS\system32;C:\WINDOWS;C:\Program Files\Common Files\Oracle\Java\javapath;C:\Program Files\Eclipse Adoptium\jdk-17.0.6.10-hotspot\bin;C:\Program Files (x86)\Common Files\Oracle\Java\javapath;C:\WINDOWS\system32;C:\WINDOWS;C:\WINDOWS\System32\Wbem;C:\WINDOWS\System32\WindowsPowerShell\v1.0\;C:\WINDOWS\System32\OpenSSH\;C:\Program Files (x86)\Kaspersky Lab\Kaspersky Endpoint Security for Windows\;C:\Program Files\Docker\Docker\resources\bin;C:\Program Files\nodejs\;C:\Program Files\Git\cmd;C:\Users\KEN22966\AppData\Local\Microsoft\WindowsApps;C:\Users\KEN22966\AppData\Local\Programs\Microsoft VS Code\bin;C:\Users\KEN22966\AppData\Local\JetBrains\IntelliJ IDEA Community Edition 2022.3.3\bin;C:\Users\KEN22966\Downloads\node-v14.15.0-x64 (1).msi;C:\Users\KEN22966\Downloads\curl-8.0.1_8-win64-mingw;C:\Users\KEN22966\Downloads\Docker Desktop Installer (1).exe;C:\ProgramData\Microsoft\Windows\Start Menu\Docker Desktop.lnk;;C:\Users\KEN22966\AppData\Local\Programs\Git\cmd;C:\Users\KEN22966\Desktop\Git Bash.lnk;C:\Users\KEN22966\Downloads\node-v14.15.0-x64 (1).msi;;C:\Users\KEN22966\AppData\Local\JetBrains\IntelliJ IDEA 2023.1.2\bin;;C:\Users\KEN22966\AppData\Roaming\npm;."/>
    <property name="java.vm.info" value="mixed mode, sharing"/>
    <property name="java.vendor" value="Eclipse Adoptium"/>
    <property name="java.vm.version" value="17.0.6+10"/>
    <property name="sun.io.unicode.encoding" value="UnicodeLittle"/>
    <property name="java.class.version" value="61.0"/>
  </properties>
  <testcase name="contextLoads" classname="com.practical.PROJECT.ProjectApplicationTests" time="0.291"/>
</testsuite>